# JRE version: OpenJDK Runtime Environment (8.0_242-b01) (build 1.8.0_242-release-1644-b01)
# Java VM: OpenJDK 64-Bit Server VM (25.242-b01 mixed mode windows-amd64 compressed oops)
Heap:
 PSYoungGen      total 628224K, used 472037K [0x00000000d5580000, 0x0000000100000000, 0x0000000100000000)
  eden space 563712K, 75% used [0x00000000d5580000,0x00000000ef4740b8,0x00000000f7c00000)
  from space 64512K, 73% used [0x00000000fc100000,0x00000000fef056c0,0x0000000100000000)
  to   space 67584K, 0% used [0x00000000f7c00000,0x00000000f7c00000,0x00000000fbe00000)
 ParOldGen       total 280576K, used 126780K [0x0000000080000000, 0x0000000091200000, 0x00000000d5580000)
  object space 280576K, 45% used [0x0000000080000000,0x0000000087bcf050,0x0000000091200000)
 Metaspace       used 139958K, capacity 148240K, committed 148428K, reserved 1177600K
  class space    used 18181K, capacity 19837K, committed 19956K, reserved 1048576K
GC Heap History (10 events):
Event: 7234.221 GC heap before
{Heap before GC invocations=24 (full 4):
 PSYoungGen      total 492032K, used 492020K [0x00000000d5580000, 0x00000000fb780000, 0x0000000100000000)
  eden space 442880K, 100% used [0x00000000d5580000,0x00000000f0600000,0x00000000f0600000)
  from space 49152K, 99% used [0x00000000f0600000,0x00000000f35fd238,0x00000000f3600000)
  to   space 60928K, 0% used [0x00000000f7c00000,0x00000000f7c00000,0x00000000fb780000)
 ParOldGen       total 280576K, used 98783K [0x0000000080000000, 0x0000000091200000, 0x00000000d5580000)
  object space 280576K, 35% used [0x0000000080000000,0x0000000086077f70,0x0000000091200000)
 Metaspace       used 127294K, capacity 133738K, committed 133836K, reserved 1165312K
  class space    used 16480K, capacity 17861K, committed 17908K, reserved 1048576K
Event: 7234.256 GC heap after
Heap after GC invocations=24 (full 4):
 PSYoungGen      total 558592K, used 36056K [0x00000000d5580000, 0x00000000fb580000, 0x0000000100000000)
  eden space 499712K, 0% used [0x00000000d5580000,0x00000000d5580000,0x00000000f3d80000)
  from space 58880K, 61% used [0x00000000f7c00000,0x00000000f9f36268,0x00000000fb580000)
  to   space 61440K, 0% used [0x00000000f3d80000,0x00000000f3d80000,0x00000000f7980000)
 ParOldGen       total 280576K, used 106911K [0x0000000080000000, 0x0000000091200000, 0x00000000d5580000)
  object space 280576K, 38% used [0x0000000080000000,0x0000000086867d20,0x0000000091200000)
 Metaspace       used 127294K, capacity 133738K, committed 133836K, reserved 1165312K
  class space    used 16480K, capacity 17861K, committed 17908K, reserved 1048576K
}
Event: 7234.810 GC heap before
{Heap before GC invocations=25 (full 4):
 PSYoungGen      total 558592K, used 535768K [0x00000000d5580000, 0x00000000fb580000, 0x0000000100000000)
  eden space 499712K, 100% used [0x00000000d5580000,0x00000000f3d80000,0x00000000f3d80000)
  from space 58880K, 61% used [0x00000000f7c00000,0x00000000f9f36268,0x00000000fb580000)
  to   space 61440K, 0% used [0x00000000f3d80000,0x00000000f3d80000,0x00000000f7980000)
 ParOldGen       total 280576K, used 106911K [0x0000000080000000, 0x0000000091200000, 0x00000000d5580000)
  object space 280576K, 38% used [0x0000000080000000,0x0000000086867d20,0x0000000091200000)
 Metaspace       used 127351K, capacity 133802K, committed 134092K, reserved 1165312K
  class space    used 16484K, capacity 17861K, committed 17908K, reserved 1048576K
Event: 7234.846 GC heap after
Heap after GC invocations=25 (full 4):
 PSYoungGen      total 561152K, used 41926K [0x00000000d5580000, 0x0000000100000000, 0x0000000100000000)
  eden space 499712K, 0% used [0x00000000d5580000,0x00000000d5580000,0x00000000f3d80000)
  from space 61440K, 68% used [0x00000000f3d80000,0x00000000f66718d0,0x00000000f7980000)
  to   space 63488K, 0% used [0x00000000fc200000,0x00000000fc200000,0x0000000100000000)
 ParOldGen       total 280576K, used 106919K [0x0000000080000000, 0x0000000091200000, 0x00000000d5580000)
  object space 280576K, 38% used [0x0000000080000000,0x0000000086869d20,0x0000000091200000)
 Metaspace       used 127351K, capacity 133802K, committed 134092K, reserved 1165312K
  class space    used 16484K, capacity 17861K, committed 17908K, reserved 1048576K
}
Event: 7235.600 GC heap before
{Heap before GC invocations=26 (full 4):
 PSYoungGen      total 561152K, used 541638K [0x00000000d5580000, 0x0000000100000000, 0x0000000100000000)
  eden space 499712K, 100% used [0x00000000d5580000,0x00000000f3d80000,0x00000000f3d80000)
  from space 61440K, 68% used [0x00000000f3d80000,0x00000000f66718d0,0x00000000f7980000)
  to   space 63488K, 0% used [0x00000000fc200000,0x00000000fc200000,0x0000000100000000)
 ParOldGen       total 280576K, used 106919K [0x0000000080000000, 0x0000000091200000, 0x00000000d5580000)
  object space 280576K, 38% used [0x0000000080000000,0x0000000086869d20,0x0000000091200000)
 Metaspace       used 127364K, capacity 133802K, committed 134092K, reserved 1165312K
  class space    used 16484K, capacity 17861K, committed 17908K, reserved 1048576K
Event: 7235.627 GC heap after
Heap after GC invocations=26 (full 4):
 PSYoungGen      total 635392K, used 20222K [0x00000000d5580000, 0x00000000ffe00000, 0x0000000100000000)
  eden space 573952K, 0% used [0x00000000d5580000,0x00000000d5580000,0x00000000f8600000)
  from space 61440K, 32% used [0x00000000fc200000,0x00000000fd5bfb50,0x00000000ffe00000)
  to   space 61440K, 0% used [0x00000000f8600000,0x00000000f8600000,0x00000000fc200000)
 ParOldGen       total 280576K, used 121727K [0x0000000080000000, 0x0000000091200000, 0x00000000d5580000)
  object space 280576K, 43% used [0x0000000080000000,0x00000000876dfea0,0x0000000091200000)
 Metaspace       used 127364K, capacity 133802K, committed 134092K, reserved 1165312K
  class space    used 16484K, capacity 17861K, committed 17908K, reserved 1048576K
}
Event: 8109.915 GC heap before
{Heap before GC invocations=27 (full 4):
 PSYoungGen      total 635392K, used 594174K [0x00000000d5580000, 0x00000000ffe00000, 0x0000000100000000)
  eden space 573952K, 100% used [0x00000000d5580000,0x00000000f8600000,0x00000000f8600000)
  from space 61440K, 32% used [0x00000000fc200000,0x00000000fd5bfb50,0x00000000ffe00000)
  to   space 61440K, 0% used [0x00000000f8600000,0x00000000f8600000,0x00000000fc200000)
 ParOldGen       total 280576K, used 121727K [0x0000000080000000, 0x0000000091200000, 0x00000000d5580000)
  object space 280576K, 43% used [0x0000000080000000,0x00000000876dfea0,0x0000000091200000)
 Metaspace       used 130154K, capacity 137094K, committed 137292K, reserved 1169408K
  class space    used 16805K, capacity 18270K, committed 18292K, reserved 1048576K
Event: 8109.957 GC heap after
Heap after GC invocations=27 (full 4):
 PSYoungGen      total 620032K, used 45609K [0x00000000d5580000, 0x0000000100000000, 0x0000000100000000)
  eden space 573952K, 0% used [0x00000000d5580000,0x00000000d5580000,0x00000000f8600000)
  from space 46080K, 98% used [0x00000000f8600000,0x00000000fb28a5e8,0x00000000fb300000)
  to   space 64512K, 0% used [0x00000000fc100000,0x00000000fc100000,0x0000000100000000)
 ParOldGen       total 280576K, used 126772K [0x0000000080000000, 0x0000000091200000, 0x00000000d5580000)
  object space 280576K, 45% used [0x0000000080000000,0x0000000087bcd050,0x0000000091200000)
 Metaspace       used 130154K, capacity 137094K, committed 137292K, reserved 1169408K
  class space    used 16805K, capacity 18270K, committed 18292K, reserved 1048576K
}
Event: 8128.479 GC heap before
{Heap before GC invocations=28 (full 4):
 PSYoungGen      total 620032K, used 619561K [0x00000000d5580000, 0x0000000100000000, 0x0000000100000000)
  eden space 573952K, 100% used [0x00000000d5580000,0x00000000f8600000,0x00000000f8600000)
  from space 46080K, 98% used [0x00000000f8600000,0x00000000fb28a5e8,0x00000000fb300000)
  to   space 64512K, 0% used [0x00000000fc100000,0x00000000fc100000,0x0000000100000000)
 ParOldGen       total 280576K, used 126772K [0x0000000080000000, 0x0000000091200000, 0x00000000d5580000)
  object space 280576K, 45% used [0x0000000080000000,0x0000000087bcd050,0x0000000091200000)
 Metaspace       used 132330K, capacity 139552K, committed 139724K, reserved 1171456K
  class space    used 17046K, capacity 18589K, committed 18676K, reserved 1048576K
Event: 8128.573 GC heap after
Heap after GC invocations=28 (full 4):
 PSYoungGen      total 628224K, used 47125K [0x00000000d5580000, 0x0000000100000000, 0x0000000100000000)
  eden space 563712K, 0% used [0x00000000d5580000,0x00000000d5580000,0x00000000f7c00000)
  from space 64512K, 73% used [0x00000000fc100000,0x00000000fef056c0,0x0000000100000000)
  to   space 67584K, 0% used [0x00000000f7c00000,0x00000000f7c00000,0x00000000fbe00000)
 ParOldGen       total 280576K, used 126780K [0x0000000080000000, 0x0000000091200000, 0x00000000d5580000)
  object space 280576K, 45% used [0x0000000080000000,0x0000000087bcf050,0x0000000091200000)
 Metaspace       used 132330K, capacity 139552K, committed 139724K, reserved 1171456K
  class space    used 17046K, capacity 18589K, committed 18676K, reserved 1048576K
}

